2018-09-12 12:52:43 [INFO]-[org.apache.kafka.clients.consumer.ConsumerConfig] ConsumerConfig values: 
	auto.commit.interval.ms = 1000
	auto.offset.reset = latest
	bootstrap.servers = [172.31.159.11:9092, 172.31.159.12:9092, 172.31.159.13:9092]
	check.crcs = true
	client.id = 
	connections.max.idle.ms = 540000
	enable.auto.commit = true
	exclude.internal.topics = true
	fetch.max.bytes = 52428800
	fetch.max.wait.ms = 500
	fetch.min.bytes = 1
	group.id = test
	heartbeat.interval.ms = 3000
	interceptor.classes = []
	internal.leave.group.on.close = true
	isolation.level = read_uncommitted
	key.deserializer = class org.apache.kafka.common.serialization.StringDeserializer
	max.partition.fetch.bytes = 1048576
	max.poll.interval.ms = 300000
	max.poll.records = 500
	metadata.max.age.ms = 300000
	metric.reporters = []
	metrics.num.samples = 2
	metrics.recording.level = INFO
	metrics.sample.window.ms = 30000
	partition.assignment.strategy = [class org.apache.kafka.clients.consumer.RangeAssignor]
	receive.buffer.bytes = 65536
	reconnect.backoff.max.ms = 1000
	reconnect.backoff.ms = 50
	request.timeout.ms = 305000
	retry.backoff.ms = 100
	sasl.jaas.config = null
	sasl.kerberos.kinit.cmd = /usr/bin/kinit
	sasl.kerberos.min.time.before.relogin = 60000
	sasl.kerberos.service.name = null
	sasl.kerberos.ticket.renew.jitter = 0.05
	sasl.kerberos.ticket.renew.window.factor = 0.8
	sasl.mechanism = GSSAPI
	security.protocol = PLAINTEXT
	send.buffer.bytes = 131072
	session.timeout.ms = 30000
	ssl.cipher.suites = null
	ssl.enabled.protocols = [TLSv1.2, TLSv1.1, TLSv1]
	ssl.endpoint.identification.algorithm = null
	ssl.key.password = null
	ssl.keymanager.algorithm = SunX509
	ssl.keystore.location = null
	ssl.keystore.password = null
	ssl.keystore.type = JKS
	ssl.protocol = TLS
	ssl.provider = null
	ssl.secure.random.implementation = null
	ssl.trustmanager.algorithm = PKIX
	ssl.truststore.location = null
	ssl.truststore.password = null
	ssl.truststore.type = JKS
	value.deserializer = class org.apache.kafka.common.serialization.StringDeserializer

2018-09-12 12:52:43 [INFO]-[org.apache.kafka.common.utils.AppInfoParser] Kafka version : 1.1.1
2018-09-12 12:52:43 [INFO]-[org.apache.kafka.common.utils.AppInfoParser] Kafka commitId : 98b6346a977495f6
2018-09-12 12:52:43 [INFO]-[org.apache.kafka.clients.Metadata] Cluster ID: mU_pTTxRSo-1CQ03m-_iNg
2018-09-12 12:52:43 [INFO]-[org.apache.kafka.clients.consumer.internals.AbstractCoordinator] [Consumer clientId=consumer-1, groupId=test] Discovered group coordinator rgibns2:9092 (id: 2147483606 rack: null)
2018-09-12 12:52:43 [INFO]-[org.apache.kafka.clients.consumer.internals.ConsumerCoordinator] [Consumer clientId=consumer-1, groupId=test] Revoking previously assigned partitions []
2018-09-12 12:52:43 [INFO]-[org.apache.kafka.clients.consumer.internals.AbstractCoordinator] [Consumer clientId=consumer-1, groupId=test] (Re-)joining group
2018-09-12 12:52:43 [INFO]-[org.apache.kafka.clients.consumer.internals.AbstractCoordinator] [Consumer clientId=consumer-1, groupId=test] Successfully joined group with generation 3
2018-09-12 12:52:43 [INFO]-[org.apache.kafka.clients.consumer.internals.ConsumerCoordinator] [Consumer clientId=consumer-1, groupId=test] Setting newly assigned partitions [dev_syslog-0, dev_syslog-1, dev_syslog-2]
2018-09-12 13:01:53 [INFO]-[org.apache.kafka.clients.consumer.ConsumerConfig] ConsumerConfig values: 
	auto.commit.interval.ms = 1000
	auto.offset.reset = latest
	bootstrap.servers = [172.31.159.11:9092, 172.31.159.12:9092, 172.31.159.13:9092]
	check.crcs = true
	client.id = 
	connections.max.idle.ms = 540000
	enable.auto.commit = true
	exclude.internal.topics = true
	fetch.max.bytes = 52428800
	fetch.max.wait.ms = 500
	fetch.min.bytes = 1
	group.id = test
	heartbeat.interval.ms = 3000
	interceptor.classes = []
	internal.leave.group.on.close = true
	isolation.level = read_uncommitted
	key.deserializer = class org.apache.kafka.common.serialization.StringDeserializer
	max.partition.fetch.bytes = 1048576
	max.poll.interval.ms = 300000
	max.poll.records = 500
	metadata.max.age.ms = 300000
	metric.reporters = []
	metrics.num.samples = 2
	metrics.recording.level = INFO
	metrics.sample.window.ms = 30000
	partition.assignment.strategy = [class org.apache.kafka.clients.consumer.RangeAssignor]
	receive.buffer.bytes = 65536
	reconnect.backoff.max.ms = 1000
	reconnect.backoff.ms = 50
	request.timeout.ms = 305000
	retry.backoff.ms = 100
	sasl.jaas.config = null
	sasl.kerberos.kinit.cmd = /usr/bin/kinit
	sasl.kerberos.min.time.before.relogin = 60000
	sasl.kerberos.service.name = null
	sasl.kerberos.ticket.renew.jitter = 0.05
	sasl.kerberos.ticket.renew.window.factor = 0.8
	sasl.mechanism = GSSAPI
	security.protocol = PLAINTEXT
	send.buffer.bytes = 131072
	session.timeout.ms = 30000
	ssl.cipher.suites = null
	ssl.enabled.protocols = [TLSv1.2, TLSv1.1, TLSv1]
	ssl.endpoint.identification.algorithm = null
	ssl.key.password = null
	ssl.keymanager.algorithm = SunX509
	ssl.keystore.location = null
	ssl.keystore.password = null
	ssl.keystore.type = JKS
	ssl.protocol = TLS
	ssl.provider = null
	ssl.secure.random.implementation = null
	ssl.trustmanager.algorithm = PKIX
	ssl.truststore.location = null
	ssl.truststore.password = null
	ssl.truststore.type = JKS
	value.deserializer = class org.apache.kafka.common.serialization.StringDeserializer

2018-09-12 13:01:53 [INFO]-[org.apache.kafka.common.utils.AppInfoParser] Kafka version : 1.1.1
2018-09-12 13:01:53 [INFO]-[org.apache.kafka.common.utils.AppInfoParser] Kafka commitId : 98b6346a977495f6
2018-09-12 13:01:54 [WARN]-[org.apache.kafka.clients.NetworkClient] [Consumer clientId=consumer-1, groupId=test] Error while fetching metadata with correlation id 6 : {dev-sysinfo,dev-terminal,dev_usage,dev_syslog=UNKNOWN_TOPIC_OR_PARTITION}
2018-09-12 13:01:54 [INFO]-[org.apache.kafka.clients.Metadata] Cluster ID: mU_pTTxRSo-1CQ03m-_iNg
2018-09-12 13:01:54 [INFO]-[org.apache.kafka.clients.consumer.internals.AbstractCoordinator] [Consumer clientId=consumer-1, groupId=test] Discovered group coordinator rgibns2:9092 (id: 2147483606 rack: null)
2018-09-12 13:01:54 [INFO]-[org.apache.kafka.clients.consumer.internals.ConsumerCoordinator] [Consumer clientId=consumer-1, groupId=test] Revoking previously assigned partitions []
2018-09-12 13:01:54 [INFO]-[org.apache.kafka.clients.consumer.internals.AbstractCoordinator] [Consumer clientId=consumer-1, groupId=test] (Re-)joining group
2018-09-12 13:01:54 [WARN]-[org.apache.kafka.clients.NetworkClient] [Consumer clientId=consumer-1, groupId=test] Error while fetching metadata with correlation id 16 : {dev-sysinfo,dev-terminal,dev_usage,dev_syslog=UNKNOWN_TOPIC_OR_PARTITION}
2018-09-12 13:01:54 [WARN]-[org.apache.kafka.clients.consumer.internals.ConsumerCoordinator] [Consumer clientId=consumer-1, groupId=test] The following subscribed topics are not assigned to any members: [dev-sysinfo,dev-terminal,dev_usage,dev_syslog] 
2018-09-12 13:01:54 [INFO]-[org.apache.kafka.clients.consumer.internals.AbstractCoordinator] [Consumer clientId=consumer-1, groupId=test] Successfully joined group with generation 5
2018-09-12 13:01:54 [WARN]-[org.apache.kafka.clients.NetworkClient] [Consumer clientId=consumer-1, groupId=test] Error while fetching metadata with correlation id 19 : {dev-sysinfo,dev-terminal,dev_usage,dev_syslog=UNKNOWN_TOPIC_OR_PARTITION}
2018-09-12 13:01:54 [INFO]-[org.apache.kafka.clients.consumer.internals.ConsumerCoordinator] [Consumer clientId=consumer-1, groupId=test] Setting newly assigned partitions []
2018-09-12 13:01:54 [WARN]-[org.apache.kafka.clients.NetworkClient] [Consumer clientId=consumer-1, groupId=test] Error while fetching metadata with correlation id 20 : {dev-sysinfo,dev-terminal,dev_usage,dev_syslog=UNKNOWN_TOPIC_OR_PARTITION}
2018-09-12 13:01:54 [WARN]-[org.apache.kafka.clients.NetworkClient] [Consumer clientId=consumer-1, groupId=test] Error while fetching metadata with correlation id 21 : {dev-sysinfo,dev-terminal,dev_usage,dev_syslog=UNKNOWN_TOPIC_OR_PARTITION}
2018-09-12 13:01:54 [WARN]-[org.apache.kafka.clients.NetworkClient] [Consumer clientId=consumer-1, groupId=test] Error while fetching metadata with correlation id 22 : {dev-sysinfo,dev-terminal,dev_usage,dev_syslog=UNKNOWN_TOPIC_OR_PARTITION}
2018-09-12 13:01:54 [WARN]-[org.apache.kafka.clients.NetworkClient] [Consumer clientId=consumer-1, groupId=test] Error while fetching metadata with correlation id 23 : {dev-sysinfo,dev-terminal,dev_usage,dev_syslog=UNKNOWN_TOPIC_OR_PARTITION}
2018-09-12 13:01:54 [WARN]-[org.apache.kafka.clients.NetworkClient] [Consumer clientId=consumer-1, groupId=test] Error while fetching metadata with correlation id 24 : {dev-sysinfo,dev-terminal,dev_usage,dev_syslog=UNKNOWN_TOPIC_OR_PARTITION}
2018-09-12 13:01:55 [WARN]-[org.apache.kafka.clients.NetworkClient] [Consumer clientId=consumer-1, groupId=test] Error while fetching metadata with correlation id 25 : {dev-sysinfo,dev-terminal,dev_usage,dev_syslog=UNKNOWN_TOPIC_OR_PARTITION}
2018-09-12 13:01:55 [WARN]-[org.apache.kafka.clients.NetworkClient] [Consumer clientId=consumer-1, groupId=test] Error while fetching metadata with correlation id 26 : {dev-sysinfo,dev-terminal,dev_usage,dev_syslog=UNKNOWN_TOPIC_OR_PARTITION}
2018-09-12 13:01:55 [WARN]-[org.apache.kafka.clients.NetworkClient] [Consumer clientId=consumer-1, groupId=test] Error while fetching metadata with correlation id 27 : {dev-sysinfo,dev-terminal,dev_usage,dev_syslog=UNKNOWN_TOPIC_OR_PARTITION}
2018-09-12 13:01:55 [WARN]-[org.apache.kafka.clients.NetworkClient] [Consumer clientId=consumer-1, groupId=test] Error while fetching metadata with correlation id 28 : {dev-sysinfo,dev-terminal,dev_usage,dev_syslog=UNKNOWN_TOPIC_OR_PARTITION}
2018-09-12 13:01:55 [WARN]-[org.apache.kafka.clients.NetworkClient] [Consumer clientId=consumer-1, groupId=test] Error while fetching metadata with correlation id 29 : {dev-sysinfo,dev-terminal,dev_usage,dev_syslog=UNKNOWN_TOPIC_OR_PARTITION}
2018-09-12 13:01:55 [WARN]-[org.apache.kafka.clients.NetworkClient] [Consumer clientId=consumer-1, groupId=test] Error while fetching metadata with correlation id 30 : {dev-sysinfo,dev-terminal,dev_usage,dev_syslog=UNKNOWN_TOPIC_OR_PARTITION}
2018-09-12 13:01:55 [WARN]-[org.apache.kafka.clients.NetworkClient] [Consumer clientId=consumer-1, groupId=test] Error while fetching metadata with correlation id 31 : {dev-sysinfo,dev-terminal,dev_usage,dev_syslog=UNKNOWN_TOPIC_OR_PARTITION}
2018-09-12 13:01:55 [WARN]-[org.apache.kafka.clients.NetworkClient] [Consumer clientId=consumer-1, groupId=test] Error while fetching metadata with correlation id 32 : {dev-sysinfo,dev-terminal,dev_usage,dev_syslog=UNKNOWN_TOPIC_OR_PARTITION}
2018-09-12 13:01:56 [WARN]-[org.apache.kafka.clients.NetworkClient] [Consumer clientId=consumer-1, groupId=test] Error while fetching metadata with correlation id 33 : {dev-sysinfo,dev-terminal,dev_usage,dev_syslog=UNKNOWN_TOPIC_OR_PARTITION}
2018-09-12 13:01:56 [WARN]-[org.apache.kafka.clients.NetworkClient] [Consumer clientId=consumer-1, groupId=test] Error while fetching metadata with correlation id 34 : {dev-sysinfo,dev-terminal,dev_usage,dev_syslog=UNKNOWN_TOPIC_OR_PARTITION}
2018-09-12 13:01:56 [WARN]-[org.apache.kafka.clients.NetworkClient] [Consumer clientId=consumer-1, groupId=test] Error while fetching metadata with correlation id 35 : {dev-sysinfo,dev-terminal,dev_usage,dev_syslog=UNKNOWN_TOPIC_OR_PARTITION}
2018-09-12 13:01:56 [WARN]-[org.apache.kafka.clients.NetworkClient] [Consumer clientId=consumer-1, groupId=test] Error while fetching metadata with correlation id 36 : {dev-sysinfo,dev-terminal,dev_usage,dev_syslog=UNKNOWN_TOPIC_OR_PARTITION}
2018-09-12 13:01:56 [WARN]-[org.apache.kafka.clients.NetworkClient] [Consumer clientId=consumer-1, groupId=test] Error while fetching metadata with correlation id 37 : {dev-sysinfo,dev-terminal,dev_usage,dev_syslog=UNKNOWN_TOPIC_OR_PARTITION}
2018-09-12 13:01:56 [WARN]-[org.apache.kafka.clients.NetworkClient] [Consumer clientId=consumer-1, groupId=test] Error while fetching metadata with correlation id 38 : {dev-sysinfo,dev-terminal,dev_usage,dev_syslog=UNKNOWN_TOPIC_OR_PARTITION}
2018-09-12 13:01:56 [WARN]-[org.apache.kafka.clients.NetworkClient] [Consumer clientId=consumer-1, groupId=test] Error while fetching metadata with correlation id 39 : {dev-sysinfo,dev-terminal,dev_usage,dev_syslog=UNKNOWN_TOPIC_OR_PARTITION}
2018-09-12 13:01:56 [WARN]-[org.apache.kafka.clients.NetworkClient] [Consumer clientId=consumer-1, groupId=test] Error while fetching metadata with correlation id 40 : {dev-sysinfo,dev-terminal,dev_usage,dev_syslog=UNKNOWN_TOPIC_OR_PARTITION}
2018-09-12 13:01:57 [WARN]-[org.apache.kafka.clients.NetworkClient] [Consumer clientId=consumer-1, groupId=test] Error while fetching metadata with correlation id 41 : {dev-sysinfo,dev-terminal,dev_usage,dev_syslog=UNKNOWN_TOPIC_OR_PARTITION}
2018-09-12 13:01:57 [WARN]-[org.apache.kafka.clients.NetworkClient] [Consumer clientId=consumer-1, groupId=test] Error while fetching metadata with correlation id 42 : {dev-sysinfo,dev-terminal,dev_usage,dev_syslog=UNKNOWN_TOPIC_OR_PARTITION}
2018-09-12 13:01:57 [WARN]-[org.apache.kafka.clients.NetworkClient] [Consumer clientId=consumer-1, groupId=test] Error while fetching metadata with correlation id 43 : {dev-sysinfo,dev-terminal,dev_usage,dev_syslog=UNKNOWN_TOPIC_OR_PARTITION}
2018-09-12 13:01:57 [WARN]-[org.apache.kafka.clients.NetworkClient] [Consumer clientId=consumer-1, groupId=test] Error while fetching metadata with correlation id 45 : {dev-sysinfo,dev-terminal,dev_usage,dev_syslog=UNKNOWN_TOPIC_OR_PARTITION}
2018-09-12 13:01:57 [WARN]-[org.apache.kafka.clients.NetworkClient] [Consumer clientId=consumer-1, groupId=test] Error while fetching metadata with correlation id 46 : {dev-sysinfo,dev-terminal,dev_usage,dev_syslog=UNKNOWN_TOPIC_OR_PARTITION}
2018-09-12 13:01:57 [WARN]-[org.apache.kafka.clients.NetworkClient] [Consumer clientId=consumer-1, groupId=test] Error while fetching metadata with correlation id 47 : {dev-sysinfo,dev-terminal,dev_usage,dev_syslog=UNKNOWN_TOPIC_OR_PARTITION}
2018-09-12 13:01:57 [WARN]-[org.apache.kafka.clients.NetworkClient] [Consumer clientId=consumer-1, groupId=test] Error while fetching metadata with correlation id 48 : {dev-sysinfo,dev-terminal,dev_usage,dev_syslog=UNKNOWN_TOPIC_OR_PARTITION}
2018-09-12 13:01:57 [WARN]-[org.apache.kafka.clients.NetworkClient] [Consumer clientId=consumer-1, groupId=test] Error while fetching metadata with correlation id 49 : {dev-sysinfo,dev-terminal,dev_usage,dev_syslog=UNKNOWN_TOPIC_OR_PARTITION}
2018-09-12 13:01:57 [WARN]-[org.apache.kafka.clients.NetworkClient] [Consumer clientId=consumer-1, groupId=test] Error while fetching metadata with correlation id 50 : {dev-sysinfo,dev-terminal,dev_usage,dev_syslog=UNKNOWN_TOPIC_OR_PARTITION}
2018-09-12 13:01:58 [WARN]-[org.apache.kafka.clients.NetworkClient] [Consumer clientId=consumer-1, groupId=test] Error while fetching metadata with correlation id 51 : {dev-sysinfo,dev-terminal,dev_usage,dev_syslog=UNKNOWN_TOPIC_OR_PARTITION}
2018-09-12 13:01:58 [WARN]-[org.apache.kafka.clients.NetworkClient] [Consumer clientId=consumer-1, groupId=test] Error while fetching metadata with correlation id 52 : {dev-sysinfo,dev-terminal,dev_usage,dev_syslog=UNKNOWN_TOPIC_OR_PARTITION}
2018-09-12 13:01:58 [WARN]-[org.apache.kafka.clients.NetworkClient] [Consumer clientId=consumer-1, groupId=test] Error while fetching metadata with correlation id 53 : {dev-sysinfo,dev-terminal,dev_usage,dev_syslog=UNKNOWN_TOPIC_OR_PARTITION}
2018-09-12 13:01:58 [WARN]-[org.apache.kafka.clients.NetworkClient] [Consumer clientId=consumer-1, groupId=test] Error while fetching metadata with correlation id 54 : {dev-sysinfo,dev-terminal,dev_usage,dev_syslog=UNKNOWN_TOPIC_OR_PARTITION}
2018-09-12 13:01:58 [WARN]-[org.apache.kafka.clients.NetworkClient] [Consumer clientId=consumer-1, groupId=test] Error while fetching metadata with correlation id 55 : {dev-sysinfo,dev-terminal,dev_usage,dev_syslog=UNKNOWN_TOPIC_OR_PARTITION}
2018-09-12 13:01:58 [WARN]-[org.apache.kafka.clients.NetworkClient] [Consumer clientId=consumer-1, groupId=test] Error while fetching metadata with correlation id 56 : {dev-sysinfo,dev-terminal,dev_usage,dev_syslog=UNKNOWN_TOPIC_OR_PARTITION}
2018-09-12 13:01:58 [WARN]-[org.apache.kafka.clients.NetworkClient] [Consumer clientId=consumer-1, groupId=test] Error while fetching metadata with correlation id 57 : {dev-sysinfo,dev-terminal,dev_usage,dev_syslog=UNKNOWN_TOPIC_OR_PARTITION}
2018-09-12 13:01:58 [WARN]-[org.apache.kafka.clients.NetworkClient] [Consumer clientId=consumer-1, groupId=test] Error while fetching metadata with correlation id 58 : {dev-sysinfo,dev-terminal,dev_usage,dev_syslog=UNKNOWN_TOPIC_OR_PARTITION}
2018-09-12 13:01:58 [WARN]-[org.apache.kafka.clients.NetworkClient] [Consumer clientId=consumer-1, groupId=test] Error while fetching metadata with correlation id 59 : {dev-sysinfo,dev-terminal,dev_usage,dev_syslog=UNKNOWN_TOPIC_OR_PARTITION}
2018-09-12 13:01:59 [WARN]-[org.apache.kafka.clients.NetworkClient] [Consumer clientId=consumer-1, groupId=test] Error while fetching metadata with correlation id 60 : {dev-sysinfo,dev-terminal,dev_usage,dev_syslog=UNKNOWN_TOPIC_OR_PARTITION}
2018-09-12 13:01:59 [WARN]-[org.apache.kafka.clients.NetworkClient] [Consumer clientId=consumer-1, groupId=test] Error while fetching metadata with correlation id 61 : {dev-sysinfo,dev-terminal,dev_usage,dev_syslog=UNKNOWN_TOPIC_OR_PARTITION}
2018-09-12 13:01:59 [WARN]-[org.apache.kafka.clients.NetworkClient] [Consumer clientId=consumer-1, groupId=test] Error while fetching metadata with correlation id 62 : {dev-sysinfo,dev-terminal,dev_usage,dev_syslog=UNKNOWN_TOPIC_OR_PARTITION}
2018-09-12 13:01:59 [WARN]-[org.apache.kafka.clients.NetworkClient] [Consumer clientId=consumer-1, groupId=test] Error while fetching metadata with correlation id 63 : {dev-sysinfo,dev-terminal,dev_usage,dev_syslog=UNKNOWN_TOPIC_OR_PARTITION}
2018-09-12 13:01:59 [WARN]-[org.apache.kafka.clients.NetworkClient] [Consumer clientId=consumer-1, groupId=test] Error while fetching metadata with correlation id 64 : {dev-sysinfo,dev-terminal,dev_usage,dev_syslog=UNKNOWN_TOPIC_OR_PARTITION}
2018-09-12 13:01:59 [WARN]-[org.apache.kafka.clients.NetworkClient] [Consumer clientId=consumer-1, groupId=test] Error while fetching metadata with correlation id 65 : {dev-sysinfo,dev-terminal,dev_usage,dev_syslog=UNKNOWN_TOPIC_OR_PARTITION}
2018-09-12 13:01:59 [WARN]-[org.apache.kafka.clients.NetworkClient] [Consumer clientId=consumer-1, groupId=test] Error while fetching metadata with correlation id 66 : {dev-sysinfo,dev-terminal,dev_usage,dev_syslog=UNKNOWN_TOPIC_OR_PARTITION}
2018-09-12 13:01:59 [WARN]-[org.apache.kafka.clients.NetworkClient] [Consumer clientId=consumer-1, groupId=test] Error while fetching metadata with correlation id 67 : {dev-sysinfo,dev-terminal,dev_usage,dev_syslog=UNKNOWN_TOPIC_OR_PARTITION}
2018-09-12 13:02:00 [WARN]-[org.apache.kafka.clients.NetworkClient] [Consumer clientId=consumer-1, groupId=test] Error while fetching metadata with correlation id 68 : {dev-sysinfo,dev-terminal,dev_usage,dev_syslog=UNKNOWN_TOPIC_OR_PARTITION}
2018-09-12 13:02:00 [WARN]-[org.apache.kafka.clients.NetworkClient] [Consumer clientId=consumer-1, groupId=test] Error while fetching metadata with correlation id 69 : {dev-sysinfo,dev-terminal,dev_usage,dev_syslog=UNKNOWN_TOPIC_OR_PARTITION}
2018-09-12 13:02:00 [WARN]-[org.apache.kafka.clients.NetworkClient] [Consumer clientId=consumer-1, groupId=test] Error while fetching metadata with correlation id 70 : {dev-sysinfo,dev-terminal,dev_usage,dev_syslog=UNKNOWN_TOPIC_OR_PARTITION}
2018-09-12 13:02:00 [WARN]-[org.apache.kafka.clients.NetworkClient] [Consumer clientId=consumer-1, groupId=test] Error while fetching metadata with correlation id 72 : {dev-sysinfo,dev-terminal,dev_usage,dev_syslog=UNKNOWN_TOPIC_OR_PARTITION}
2018-09-12 13:02:00 [WARN]-[org.apache.kafka.clients.NetworkClient] [Consumer clientId=consumer-1, groupId=test] Error while fetching metadata with correlation id 73 : {dev-sysinfo,dev-terminal,dev_usage,dev_syslog=UNKNOWN_TOPIC_OR_PARTITION}
2018-09-12 13:02:00 [WARN]-[org.apache.kafka.clients.NetworkClient] [Consumer clientId=consumer-1, groupId=test] Error while fetching metadata with correlation id 74 : {dev-sysinfo,dev-terminal,dev_usage,dev_syslog=UNKNOWN_TOPIC_OR_PARTITION}
2018-09-12 13:02:00 [WARN]-[org.apache.kafka.clients.NetworkClient] [Consumer clientId=consumer-1, groupId=test] Error while fetching metadata with correlation id 75 : {dev-sysinfo,dev-terminal,dev_usage,dev_syslog=UNKNOWN_TOPIC_OR_PARTITION}
2018-09-12 13:02:00 [WARN]-[org.apache.kafka.clients.NetworkClient] [Consumer clientId=consumer-1, groupId=test] Error while fetching metadata with correlation id 76 : {dev-sysinfo,dev-terminal,dev_usage,dev_syslog=UNKNOWN_TOPIC_OR_PARTITION}
2018-09-12 13:02:00 [WARN]-[org.apache.kafka.clients.NetworkClient] [Consumer clientId=consumer-1, groupId=test] Error while fetching metadata with correlation id 77 : {dev-sysinfo,dev-terminal,dev_usage,dev_syslog=UNKNOWN_TOPIC_OR_PARTITION}
2018-09-12 13:02:01 [WARN]-[org.apache.kafka.clients.NetworkClient] [Consumer clientId=consumer-1, groupId=test] Error while fetching metadata with correlation id 78 : {dev-sysinfo,dev-terminal,dev_usage,dev_syslog=UNKNOWN_TOPIC_OR_PARTITION}
2018-09-12 13:02:01 [WARN]-[org.apache.kafka.clients.NetworkClient] [Consumer clientId=consumer-1, groupId=test] Error while fetching metadata with correlation id 79 : {dev-sysinfo,dev-terminal,dev_usage,dev_syslog=UNKNOWN_TOPIC_OR_PARTITION}
2018-09-12 13:02:01 [WARN]-[org.apache.kafka.clients.NetworkClient] [Consumer clientId=consumer-1, groupId=test] Error while fetching metadata with correlation id 80 : {dev-sysinfo,dev-terminal,dev_usage,dev_syslog=UNKNOWN_TOPIC_OR_PARTITION}
2018-09-12 13:02:01 [WARN]-[org.apache.kafka.clients.NetworkClient] [Consumer clientId=consumer-1, groupId=test] Error while fetching metadata with correlation id 81 : {dev-sysinfo,dev-terminal,dev_usage,dev_syslog=UNKNOWN_TOPIC_OR_PARTITION}
2018-09-12 13:02:01 [WARN]-[org.apache.kafka.clients.NetworkClient] [Consumer clientId=consumer-1, groupId=test] Error while fetching metadata with correlation id 82 : {dev-sysinfo,dev-terminal,dev_usage,dev_syslog=UNKNOWN_TOPIC_OR_PARTITION}
2018-09-12 13:02:01 [WARN]-[org.apache.kafka.clients.NetworkClient] [Consumer clientId=consumer-1, groupId=test] Error while fetching metadata with correlation id 83 : {dev-sysinfo,dev-terminal,dev_usage,dev_syslog=UNKNOWN_TOPIC_OR_PARTITION}
2018-09-12 13:02:01 [WARN]-[org.apache.kafka.clients.NetworkClient] [Consumer clientId=consumer-1, groupId=test] Error while fetching metadata with correlation id 84 : {dev-sysinfo,dev-terminal,dev_usage,dev_syslog=UNKNOWN_TOPIC_OR_PARTITION}
2018-09-12 13:02:01 [WARN]-[org.apache.kafka.clients.NetworkClient] [Consumer clientId=consumer-1, groupId=test] Error while fetching metadata with correlation id 85 : {dev-sysinfo,dev-terminal,dev_usage,dev_syslog=UNKNOWN_TOPIC_OR_PARTITION}
2018-09-12 13:02:02 [WARN]-[org.apache.kafka.clients.NetworkClient] [Consumer clientId=consumer-1, groupId=test] Error while fetching metadata with correlation id 86 : {dev-sysinfo,dev-terminal,dev_usage,dev_syslog=UNKNOWN_TOPIC_OR_PARTITION}
2018-09-12 13:02:02 [WARN]-[org.apache.kafka.clients.NetworkClient] [Consumer clientId=consumer-1, groupId=test] Error while fetching metadata with correlation id 87 : {dev-sysinfo,dev-terminal,dev_usage,dev_syslog=UNKNOWN_TOPIC_OR_PARTITION}
2018-09-12 13:02:02 [WARN]-[org.apache.kafka.clients.NetworkClient] [Consumer clientId=consumer-1, groupId=test] Error while fetching metadata with correlation id 88 : {dev-sysinfo,dev-terminal,dev_usage,dev_syslog=UNKNOWN_TOPIC_OR_PARTITION}
2018-09-12 13:02:02 [WARN]-[org.apache.kafka.clients.NetworkClient] [Consumer clientId=consumer-1, groupId=test] Error while fetching metadata with correlation id 89 : {dev-sysinfo,dev-terminal,dev_usage,dev_syslog=UNKNOWN_TOPIC_OR_PARTITION}
2018-09-12 13:02:02 [WARN]-[org.apache.kafka.clients.NetworkClient] [Consumer clientId=consumer-1, groupId=test] Error while fetching metadata with correlation id 90 : {dev-sysinfo,dev-terminal,dev_usage,dev_syslog=UNKNOWN_TOPIC_OR_PARTITION}
2018-09-12 13:02:02 [WARN]-[org.apache.kafka.clients.NetworkClient] [Consumer clientId=consumer-1, groupId=test] Error while fetching metadata with correlation id 91 : {dev-sysinfo,dev-terminal,dev_usage,dev_syslog=UNKNOWN_TOPIC_OR_PARTITION}
2018-09-12 13:02:02 [WARN]-[org.apache.kafka.clients.NetworkClient] [Consumer clientId=consumer-1, groupId=test] Error while fetching metadata with correlation id 92 : {dev-sysinfo,dev-terminal,dev_usage,dev_syslog=UNKNOWN_TOPIC_OR_PARTITION}
2018-09-12 13:02:02 [WARN]-[org.apache.kafka.clients.NetworkClient] [Consumer clientId=consumer-1, groupId=test] Error while fetching metadata with correlation id 93 : {dev-sysinfo,dev-terminal,dev_usage,dev_syslog=UNKNOWN_TOPIC_OR_PARTITION}
2018-09-12 13:02:03 [WARN]-[org.apache.kafka.clients.NetworkClient] [Consumer clientId=consumer-1, groupId=test] Error while fetching metadata with correlation id 94 : {dev-sysinfo,dev-terminal,dev_usage,dev_syslog=UNKNOWN_TOPIC_OR_PARTITION}
2018-09-12 13:02:03 [WARN]-[org.apache.kafka.clients.NetworkClient] [Consumer clientId=consumer-1, groupId=test] Error while fetching metadata with correlation id 95 : {dev-sysinfo,dev-terminal,dev_usage,dev_syslog=UNKNOWN_TOPIC_OR_PARTITION}
2018-09-12 13:02:03 [WARN]-[org.apache.kafka.clients.NetworkClient] [Consumer clientId=consumer-1, groupId=test] Error while fetching metadata with correlation id 96 : {dev-sysinfo,dev-terminal,dev_usage,dev_syslog=UNKNOWN_TOPIC_OR_PARTITION}
2018-09-12 13:02:03 [WARN]-[org.apache.kafka.clients.NetworkClient] [Consumer clientId=consumer-1, groupId=test] Error while fetching metadata with correlation id 98 : {dev-sysinfo,dev-terminal,dev_usage,dev_syslog=UNKNOWN_TOPIC_OR_PARTITION}
2018-09-12 13:02:03 [WARN]-[org.apache.kafka.clients.NetworkClient] [Consumer clientId=consumer-1, groupId=test] Error while fetching metadata with correlation id 99 : {dev-sysinfo,dev-terminal,dev_usage,dev_syslog=UNKNOWN_TOPIC_OR_PARTITION}
2018-09-12 13:02:03 [WARN]-[org.apache.kafka.clients.NetworkClient] [Consumer clientId=consumer-1, groupId=test] Error while fetching metadata with correlation id 100 : {dev-sysinfo,dev-terminal,dev_usage,dev_syslog=UNKNOWN_TOPIC_OR_PARTITION}
2018-09-12 13:02:03 [WARN]-[org.apache.kafka.clients.NetworkClient] [Consumer clientId=consumer-1, groupId=test] Error while fetching metadata with correlation id 101 : {dev-sysinfo,dev-terminal,dev_usage,dev_syslog=UNKNOWN_TOPIC_OR_PARTITION}
2018-09-12 13:02:03 [WARN]-[org.apache.kafka.clients.NetworkClient] [Consumer clientId=consumer-1, groupId=test] Error while fetching metadata with correlation id 102 : {dev-sysinfo,dev-terminal,dev_usage,dev_syslog=UNKNOWN_TOPIC_OR_PARTITION}
2018-09-12 13:02:04 [WARN]-[org.apache.kafka.clients.NetworkClient] [Consumer clientId=consumer-1, groupId=test] Error while fetching metadata with correlation id 103 : {dev-sysinfo,dev-terminal,dev_usage,dev_syslog=UNKNOWN_TOPIC_OR_PARTITION}
2018-09-12 13:02:04 [WARN]-[org.apache.kafka.clients.NetworkClient] [Consumer clientId=consumer-1, groupId=test] Error while fetching metadata with correlation id 104 : {dev-sysinfo,dev-terminal,dev_usage,dev_syslog=UNKNOWN_TOPIC_OR_PARTITION}
2018-09-12 13:02:04 [WARN]-[org.apache.kafka.clients.NetworkClient] [Consumer clientId=consumer-1, groupId=test] Error while fetching metadata with correlation id 105 : {dev-sysinfo,dev-terminal,dev_usage,dev_syslog=UNKNOWN_TOPIC_OR_PARTITION}
2018-09-12 13:02:04 [WARN]-[org.apache.kafka.clients.NetworkClient] [Consumer clientId=consumer-1, groupId=test] Error while fetching metadata with correlation id 106 : {dev-sysinfo,dev-terminal,dev_usage,dev_syslog=UNKNOWN_TOPIC_OR_PARTITION}
2018-09-12 13:02:04 [WARN]-[org.apache.kafka.clients.NetworkClient] [Consumer clientId=consumer-1, groupId=test] Error while fetching metadata with correlation id 107 : {dev-sysinfo,dev-terminal,dev_usage,dev_syslog=UNKNOWN_TOPIC_OR_PARTITION}
2018-09-12 13:02:04 [WARN]-[org.apache.kafka.clients.NetworkClient] [Consumer clientId=consumer-1, groupId=test] Error while fetching metadata with correlation id 108 : {dev-sysinfo,dev-terminal,dev_usage,dev_syslog=UNKNOWN_TOPIC_OR_PARTITION}
2018-09-12 13:02:04 [WARN]-[org.apache.kafka.clients.NetworkClient] [Consumer clientId=consumer-1, groupId=test] Error while fetching metadata with correlation id 109 : {dev-sysinfo,dev-terminal,dev_usage,dev_syslog=UNKNOWN_TOPIC_OR_PARTITION}
2018-09-12 13:02:04 [WARN]-[org.apache.kafka.clients.NetworkClient] [Consumer clientId=consumer-1, groupId=test] Error while fetching metadata with correlation id 110 : {dev-sysinfo,dev-terminal,dev_usage,dev_syslog=UNKNOWN_TOPIC_OR_PARTITION}
2018-09-12 13:02:04 [WARN]-[org.apache.kafka.clients.NetworkClient] [Consumer clientId=consumer-1, groupId=test] Error while fetching metadata with correlation id 111 : {dev-sysinfo,dev-terminal,dev_usage,dev_syslog=UNKNOWN_TOPIC_OR_PARTITION}
2018-09-12 13:02:05 [WARN]-[org.apache.kafka.clients.NetworkClient] [Consumer clientId=consumer-1, groupId=test] Error while fetching metadata with correlation id 112 : {dev-sysinfo,dev-terminal,dev_usage,dev_syslog=UNKNOWN_TOPIC_OR_PARTITION}
2018-09-12 13:02:05 [WARN]-[org.apache.kafka.clients.NetworkClient] [Consumer clientId=consumer-1, groupId=test] Error while fetching metadata with correlation id 113 : {dev-sysinfo,dev-terminal,dev_usage,dev_syslog=UNKNOWN_TOPIC_OR_PARTITION}
2018-09-12 13:02:05 [WARN]-[org.apache.kafka.clients.NetworkClient] [Consumer clientId=consumer-1, groupId=test] Error while fetching metadata with correlation id 114 : {dev-sysinfo,dev-terminal,dev_usage,dev_syslog=UNKNOWN_TOPIC_OR_PARTITION}
2018-09-12 13:02:05 [WARN]-[org.apache.kafka.clients.NetworkClient] [Consumer clientId=consumer-1, groupId=test] Error while fetching metadata with correlation id 115 : {dev-sysinfo,dev-terminal,dev_usage,dev_syslog=UNKNOWN_TOPIC_OR_PARTITION}
2018-09-12 13:02:05 [WARN]-[org.apache.kafka.clients.NetworkClient] [Consumer clientId=consumer-1, groupId=test] Error while fetching metadata with correlation id 116 : {dev-sysinfo,dev-terminal,dev_usage,dev_syslog=UNKNOWN_TOPIC_OR_PARTITION}
2018-09-12 13:02:05 [WARN]-[org.apache.kafka.clients.NetworkClient] [Consumer clientId=consumer-1, groupId=test] Error while fetching metadata with correlation id 117 : {dev-sysinfo,dev-terminal,dev_usage,dev_syslog=UNKNOWN_TOPIC_OR_PARTITION}
2018-09-12 13:02:05 [WARN]-[org.apache.kafka.clients.NetworkClient] [Consumer clientId=consumer-1, groupId=test] Error while fetching metadata with correlation id 118 : {dev-sysinfo,dev-terminal,dev_usage,dev_syslog=UNKNOWN_TOPIC_OR_PARTITION}
2018-09-12 13:02:05 [WARN]-[org.apache.kafka.clients.NetworkClient] [Consumer clientId=consumer-1, groupId=test] Error while fetching metadata with correlation id 119 : {dev-sysinfo,dev-terminal,dev_usage,dev_syslog=UNKNOWN_TOPIC_OR_PARTITION}
2018-09-12 13:02:05 [WARN]-[org.apache.kafka.clients.NetworkClient] [Consumer clientId=consumer-1, groupId=test] Error while fetching metadata with correlation id 120 : {dev-sysinfo,dev-terminal,dev_usage,dev_syslog=UNKNOWN_TOPIC_OR_PARTITION}
2018-09-12 13:02:06 [WARN]-[org.apache.kafka.clients.NetworkClient] [Consumer clientId=consumer-1, groupId=test] Error while fetching metadata with correlation id 121 : {dev-sysinfo,dev-terminal,dev_usage,dev_syslog=UNKNOWN_TOPIC_OR_PARTITION}
2018-09-12 13:02:06 [WARN]-[org.apache.kafka.clients.NetworkClient] [Consumer clientId=consumer-1, groupId=test] Error while fetching metadata with correlation id 122 : {dev-sysinfo,dev-terminal,dev_usage,dev_syslog=UNKNOWN_TOPIC_OR_PARTITION}
2018-09-12 13:02:22 [INFO]-[org.apache.kafka.clients.consumer.ConsumerConfig] ConsumerConfig values: 
	auto.commit.interval.ms = 1000
	auto.offset.reset = latest
	bootstrap.servers = [172.31.159.11:9092, 172.31.159.12:9092, 172.31.159.13:9092]
	check.crcs = true
	client.id = 
	connections.max.idle.ms = 540000
	enable.auto.commit = true
	exclude.internal.topics = true
	fetch.max.bytes = 52428800
	fetch.max.wait.ms = 500
	fetch.min.bytes = 1
	group.id = test
	heartbeat.interval.ms = 3000
	interceptor.classes = []
	internal.leave.group.on.close = true
	isolation.level = read_uncommitted
	key.deserializer = class org.apache.kafka.common.serialization.StringDeserializer
	max.partition.fetch.bytes = 1048576
	max.poll.interval.ms = 300000
	max.poll.records = 500
	metadata.max.age.ms = 300000
	metric.reporters = []
	metrics.num.samples = 2
	metrics.recording.level = INFO
	metrics.sample.window.ms = 30000
	partition.assignment.strategy = [class org.apache.kafka.clients.consumer.RangeAssignor]
	receive.buffer.bytes = 65536
	reconnect.backoff.max.ms = 1000
	reconnect.backoff.ms = 50
	request.timeout.ms = 305000
	retry.backoff.ms = 100
	sasl.jaas.config = null
	sasl.kerberos.kinit.cmd = /usr/bin/kinit
	sasl.kerberos.min.time.before.relogin = 60000
	sasl.kerberos.service.name = null
	sasl.kerberos.ticket.renew.jitter = 0.05
	sasl.kerberos.ticket.renew.window.factor = 0.8
	sasl.mechanism = GSSAPI
	security.protocol = PLAINTEXT
	send.buffer.bytes = 131072
	session.timeout.ms = 30000
	ssl.cipher.suites = null
	ssl.enabled.protocols = [TLSv1.2, TLSv1.1, TLSv1]
	ssl.endpoint.identification.algorithm = null
	ssl.key.password = null
	ssl.keymanager.algorithm = SunX509
	ssl.keystore.location = null
	ssl.keystore.password = null
	ssl.keystore.type = JKS
	ssl.protocol = TLS
	ssl.provider = null
	ssl.secure.random.implementation = null
	ssl.trustmanager.algorithm = PKIX
	ssl.truststore.location = null
	ssl.truststore.password = null
	ssl.truststore.type = JKS
	value.deserializer = class org.apache.kafka.common.serialization.StringDeserializer

2018-09-12 13:02:22 [INFO]-[org.apache.kafka.common.utils.AppInfoParser] Kafka version : 1.1.1
2018-09-12 13:02:22 [INFO]-[org.apache.kafka.common.utils.AppInfoParser] Kafka commitId : 98b6346a977495f6
2018-09-12 13:02:22 [INFO]-[org.apache.kafka.clients.Metadata] Cluster ID: mU_pTTxRSo-1CQ03m-_iNg
2018-09-12 13:02:22 [INFO]-[org.apache.kafka.clients.consumer.internals.AbstractCoordinator] [Consumer clientId=consumer-1, groupId=test] Discovered group coordinator rgibns2:9092 (id: 2147483606 rack: null)
2018-09-12 13:02:22 [INFO]-[org.apache.kafka.clients.consumer.internals.ConsumerCoordinator] [Consumer clientId=consumer-1, groupId=test] Revoking previously assigned partitions []
2018-09-12 13:02:22 [INFO]-[org.apache.kafka.clients.consumer.internals.AbstractCoordinator] [Consumer clientId=consumer-1, groupId=test] (Re-)joining group
2018-09-12 13:02:47 [INFO]-[org.apache.kafka.clients.consumer.ConsumerConfig] ConsumerConfig values: 
	auto.commit.interval.ms = 1000
	auto.offset.reset = latest
	bootstrap.servers = [172.31.159.11:9092, 172.31.159.12:9092, 172.31.159.13:9092]
	check.crcs = true
	client.id = 
	connections.max.idle.ms = 540000
	enable.auto.commit = true
	exclude.internal.topics = true
	fetch.max.bytes = 52428800
	fetch.max.wait.ms = 500
	fetch.min.bytes = 1
	group.id = test
	heartbeat.interval.ms = 3000
	interceptor.classes = []
	internal.leave.group.on.close = true
	isolation.level = read_uncommitted
	key.deserializer = class org.apache.kafka.common.serialization.StringDeserializer
	max.partition.fetch.bytes = 1048576
	max.poll.interval.ms = 300000
	max.poll.records = 500
	metadata.max.age.ms = 300000
	metric.reporters = []
	metrics.num.samples = 2
	metrics.recording.level = INFO
	metrics.sample.window.ms = 30000
	partition.assignment.strategy = [class org.apache.kafka.clients.consumer.RangeAssignor]
	receive.buffer.bytes = 65536
	reconnect.backoff.max.ms = 1000
	reconnect.backoff.ms = 50
	request.timeout.ms = 305000
	retry.backoff.ms = 100
	sasl.jaas.config = null
	sasl.kerberos.kinit.cmd = /usr/bin/kinit
	sasl.kerberos.min.time.before.relogin = 60000
	sasl.kerberos.service.name = null
	sasl.kerberos.ticket.renew.jitter = 0.05
	sasl.kerberos.ticket.renew.window.factor = 0.8
	sasl.mechanism = GSSAPI
	security.protocol = PLAINTEXT
	send.buffer.bytes = 131072
	session.timeout.ms = 30000
	ssl.cipher.suites = null
	ssl.enabled.protocols = [TLSv1.2, TLSv1.1, TLSv1]
	ssl.endpoint.identification.algorithm = null
	ssl.key.password = null
	ssl.keymanager.algorithm = SunX509
	ssl.keystore.location = null
	ssl.keystore.password = null
	ssl.keystore.type = JKS
	ssl.protocol = TLS
	ssl.provider = null
	ssl.secure.random.implementation = null
	ssl.trustmanager.algorithm = PKIX
	ssl.truststore.location = null
	ssl.truststore.password = null
	ssl.truststore.type = JKS
	value.deserializer = class org.apache.kafka.common.serialization.StringDeserializer

2018-09-12 13:02:48 [INFO]-[org.apache.kafka.common.utils.AppInfoParser] Kafka version : 1.1.1
2018-09-12 13:02:48 [INFO]-[org.apache.kafka.common.utils.AppInfoParser] Kafka commitId : 98b6346a977495f6
2018-09-12 13:02:48 [WARN]-[org.apache.kafka.clients.NetworkClient] [Consumer clientId=consumer-1, groupId=test] Error while fetching metadata with correlation id 6 : {dev-sysinfo,dev-terminal,dev_usage,dev_syslog=UNKNOWN_TOPIC_OR_PARTITION}
2018-09-12 13:02:48 [INFO]-[org.apache.kafka.clients.Metadata] Cluster ID: mU_pTTxRSo-1CQ03m-_iNg
2018-09-12 13:02:48 [INFO]-[org.apache.kafka.clients.consumer.internals.AbstractCoordinator] [Consumer clientId=consumer-1, groupId=test] Discovered group coordinator rgibns2:9092 (id: 2147483606 rack: null)
2018-09-12 13:02:48 [INFO]-[org.apache.kafka.clients.consumer.internals.ConsumerCoordinator] [Consumer clientId=consumer-1, groupId=test] Revoking previously assigned partitions []
2018-09-12 13:02:48 [INFO]-[org.apache.kafka.clients.consumer.internals.AbstractCoordinator] [Consumer clientId=consumer-1, groupId=test] (Re-)joining group
2018-09-12 13:02:48 [WARN]-[org.apache.kafka.clients.NetworkClient] [Consumer clientId=consumer-1, groupId=test] Error while fetching metadata with correlation id 15 : {dev-sysinfo,dev-terminal,dev_usage,dev_syslog=UNKNOWN_TOPIC_OR_PARTITION}
2018-09-12 13:02:48 [WARN]-[org.apache.kafka.clients.NetworkClient] [Consumer clientId=consumer-1, groupId=test] Error while fetching metadata with correlation id 18 : {dev-sysinfo,dev-terminal,dev_usage,dev_syslog=UNKNOWN_TOPIC_OR_PARTITION}
2018-09-12 13:02:48 [WARN]-[org.apache.kafka.clients.NetworkClient] [Consumer clientId=consumer-1, groupId=test] Error while fetching metadata with correlation id 19 : {dev-sysinfo,dev-terminal,dev_usage,dev_syslog=UNKNOWN_TOPIC_OR_PARTITION}
2018-09-12 13:02:48 [WARN]-[org.apache.kafka.clients.NetworkClient] [Consumer clientId=consumer-1, groupId=test] Error while fetching metadata with correlation id 20 : {dev-sysinfo,dev-terminal,dev_usage,dev_syslog=UNKNOWN_TOPIC_OR_PARTITION}
2018-09-12 13:02:48 [WARN]-[org.apache.kafka.clients.NetworkClient] [Consumer clientId=consumer-1, groupId=test] Error while fetching metadata with correlation id 21 : {dev-sysinfo,dev-terminal,dev_usage,dev_syslog=UNKNOWN_TOPIC_OR_PARTITION}
2018-09-12 13:02:49 [WARN]-[org.apache.kafka.clients.NetworkClient] [Consumer clientId=consumer-1, groupId=test] Error while fetching metadata with correlation id 22 : {dev-sysinfo,dev-terminal,dev_usage,dev_syslog=UNKNOWN_TOPIC_OR_PARTITION}
2018-09-12 13:02:49 [WARN]-[org.apache.kafka.clients.NetworkClient] [Consumer clientId=consumer-1, groupId=test] Error while fetching metadata with correlation id 23 : {dev-sysinfo,dev-terminal,dev_usage,dev_syslog=UNKNOWN_TOPIC_OR_PARTITION}
2018-09-12 13:02:49 [WARN]-[org.apache.kafka.clients.NetworkClient] [Consumer clientId=consumer-1, groupId=test] Error while fetching metadata with correlation id 24 : {dev-sysinfo,dev-terminal,dev_usage,dev_syslog=UNKNOWN_TOPIC_OR_PARTITION}
2018-09-12 13:02:49 [WARN]-[org.apache.kafka.clients.NetworkClient] [Consumer clientId=consumer-1, groupId=test] Error while fetching metadata with correlation id 25 : {dev-sysinfo,dev-terminal,dev_usage,dev_syslog=UNKNOWN_TOPIC_OR_PARTITION}
2018-09-12 13:02:49 [WARN]-[org.apache.kafka.clients.NetworkClient] [Consumer clientId=consumer-1, groupId=test] Error while fetching metadata with correlation id 26 : {dev-sysinfo,dev-terminal,dev_usage,dev_syslog=UNKNOWN_TOPIC_OR_PARTITION}
2018-09-12 13:02:49 [WARN]-[org.apache.kafka.clients.NetworkClient] [Consumer clientId=consumer-1, groupId=test] Error while fetching metadata with correlation id 27 : {dev-sysinfo,dev-terminal,dev_usage,dev_syslog=UNKNOWN_TOPIC_OR_PARTITION}
2018-09-12 13:02:49 [WARN]-[org.apache.kafka.clients.NetworkClient] [Consumer clientId=consumer-1, groupId=test] Error while fetching metadata with correlation id 28 : {dev-sysinfo,dev-terminal,dev_usage,dev_syslog=UNKNOWN_TOPIC_OR_PARTITION}
2018-09-12 13:02:49 [WARN]-[org.apache.kafka.clients.NetworkClient] [Consumer clientId=consumer-1, groupId=test] Error while fetching metadata with correlation id 29 : {dev-sysinfo,dev-terminal,dev_usage,dev_syslog=UNKNOWN_TOPIC_OR_PARTITION}
2018-09-12 13:02:50 [WARN]-[org.apache.kafka.clients.NetworkClient] [Consumer clientId=consumer-1, groupId=test] Error while fetching metadata with correlation id 30 : {dev-sysinfo,dev-terminal,dev_usage,dev_syslog=UNKNOWN_TOPIC_OR_PARTITION}
2018-09-12 13:02:50 [WARN]-[org.apache.kafka.clients.NetworkClient] [Consumer clientId=consumer-1, groupId=test] Error while fetching metadata with correlation id 31 : {dev-sysinfo,dev-terminal,dev_usage,dev_syslog=UNKNOWN_TOPIC_OR_PARTITION}
2018-09-12 13:02:50 [WARN]-[org.apache.kafka.clients.NetworkClient] [Consumer clientId=consumer-1, groupId=test] Error while fetching metadata with correlation id 32 : {dev-sysinfo,dev-terminal,dev_usage,dev_syslog=UNKNOWN_TOPIC_OR_PARTITION}
2018-09-12 13:02:50 [WARN]-[org.apache.kafka.clients.NetworkClient] [Consumer clientId=consumer-1, groupId=test] Error while fetching metadata with correlation id 33 : {dev-sysinfo,dev-terminal,dev_usage,dev_syslog=UNKNOWN_TOPIC_OR_PARTITION}
2018-09-12 13:02:50 [WARN]-[org.apache.kafka.clients.NetworkClient] [Consumer clientId=consumer-1, groupId=test] Error while fetching metadata with correlation id 34 : {dev-sysinfo,dev-terminal,dev_usage,dev_syslog=UNKNOWN_TOPIC_OR_PARTITION}
2018-09-12 13:02:50 [WARN]-[org.apache.kafka.clients.NetworkClient] [Consumer clientId=consumer-1, groupId=test] Error while fetching metadata with correlation id 35 : {dev-sysinfo,dev-terminal,dev_usage,dev_syslog=UNKNOWN_TOPIC_OR_PARTITION}
2018-09-12 13:02:50 [WARN]-[org.apache.kafka.clients.NetworkClient] [Consumer clientId=consumer-1, groupId=test] Error while fetching metadata with correlation id 36 : {dev-sysinfo,dev-terminal,dev_usage,dev_syslog=UNKNOWN_TOPIC_OR_PARTITION}
2018-09-12 13:02:50 [WARN]-[org.apache.kafka.clients.NetworkClient] [Consumer clientId=consumer-1, groupId=test] Error while fetching metadata with correlation id 37 : {dev-sysinfo,dev-terminal,dev_usage,dev_syslog=UNKNOWN_TOPIC_OR_PARTITION}
2018-09-12 13:02:50 [WARN]-[org.apache.kafka.clients.NetworkClient] [Consumer clientId=consumer-1, groupId=test] Error while fetching metadata with correlation id 38 : {dev-sysinfo,dev-terminal,dev_usage,dev_syslog=UNKNOWN_TOPIC_OR_PARTITION}
2018-09-12 13:02:50 [WARN]-[org.apache.kafka.clients.NetworkClient] [Consumer clientId=consumer-1, groupId=test] Error while fetching metadata with correlation id 39 : {dev-sysinfo,dev-terminal,dev_usage,dev_syslog=UNKNOWN_TOPIC_OR_PARTITION}
2018-09-12 13:02:51 [WARN]-[org.apache.kafka.clients.NetworkClient] [Consumer clientId=consumer-1, groupId=test] Error while fetching metadata with correlation id 40 : {dev-sysinfo,dev-terminal,dev_usage,dev_syslog=UNKNOWN_TOPIC_OR_PARTITION}
2018-09-12 13:02:51 [WARN]-[org.apache.kafka.clients.NetworkClient] [Consumer clientId=consumer-1, groupId=test] Error while fetching metadata with correlation id 41 : {dev-sysinfo,dev-terminal,dev_usage,dev_syslog=UNKNOWN_TOPIC_OR_PARTITION}
2018-09-12 13:02:51 [WARN]-[org.apache.kafka.clients.NetworkClient] [Consumer clientId=consumer-1, groupId=test] Error while fetching metadata with correlation id 42 : {dev-sysinfo,dev-terminal,dev_usage,dev_syslog=UNKNOWN_TOPIC_OR_PARTITION}
2018-09-12 13:02:51 [WARN]-[org.apache.kafka.clients.NetworkClient] [Consumer clientId=consumer-1, groupId=test] Error while fetching metadata with correlation id 43 : {dev-sysinfo,dev-terminal,dev_usage,dev_syslog=UNKNOWN_TOPIC_OR_PARTITION}
2018-09-12 13:02:51 [WARN]-[org.apache.kafka.clients.NetworkClient] [Consumer clientId=consumer-1, groupId=test] Error while fetching metadata with correlation id 44 : {dev-sysinfo,dev-terminal,dev_usage,dev_syslog=UNKNOWN_TOPIC_OR_PARTITION}
2018-09-12 13:02:51 [WARN]-[org.apache.kafka.clients.NetworkClient] [Consumer clientId=consumer-1, groupId=test] Error while fetching metadata with correlation id 45 : {dev-sysinfo,dev-terminal,dev_usage,dev_syslog=UNKNOWN_TOPIC_OR_PARTITION}
2018-09-12 13:02:51 [WARN]-[org.apache.kafka.clients.NetworkClient] [Consumer clientId=consumer-1, groupId=test] Error while fetching metadata with correlation id 46 : {dev-sysinfo,dev-terminal,dev_usage,dev_syslog=UNKNOWN_TOPIC_OR_PARTITION}
2018-09-12 13:02:51 [WARN]-[org.apache.kafka.clients.NetworkClient] [Consumer clientId=consumer-1, groupId=test] Error while fetching metadata with correlation id 47 : {dev-sysinfo,dev-terminal,dev_usage,dev_syslog=UNKNOWN_TOPIC_OR_PARTITION}
2018-09-12 13:04:09 [INFO]-[org.apache.kafka.clients.consumer.ConsumerConfig] ConsumerConfig values: 
	auto.commit.interval.ms = 1000
	auto.offset.reset = latest
	bootstrap.servers = [172.31.159.11:9092, 172.31.159.12:9092, 172.31.159.13:9092]
	check.crcs = true
	client.id = 
	connections.max.idle.ms = 540000
	enable.auto.commit = true
	exclude.internal.topics = true
	fetch.max.bytes = 52428800
	fetch.max.wait.ms = 500
	fetch.min.bytes = 1
	group.id = test
	heartbeat.interval.ms = 3000
	interceptor.classes = []
	internal.leave.group.on.close = true
	isolation.level = read_uncommitted
	key.deserializer = class org.apache.kafka.common.serialization.StringDeserializer
	max.partition.fetch.bytes = 1048576
	max.poll.interval.ms = 300000
	max.poll.records = 500
	metadata.max.age.ms = 300000
	metric.reporters = []
	metrics.num.samples = 2
	metrics.recording.level = INFO
	metrics.sample.window.ms = 30000
	partition.assignment.strategy = [class org.apache.kafka.clients.consumer.RangeAssignor]
	receive.buffer.bytes = 65536
	reconnect.backoff.max.ms = 1000
	reconnect.backoff.ms = 50
	request.timeout.ms = 305000
	retry.backoff.ms = 100
	sasl.jaas.config = null
	sasl.kerberos.kinit.cmd = /usr/bin/kinit
	sasl.kerberos.min.time.before.relogin = 60000
	sasl.kerberos.service.name = null
	sasl.kerberos.ticket.renew.jitter = 0.05
	sasl.kerberos.ticket.renew.window.factor = 0.8
	sasl.mechanism = GSSAPI
	security.protocol = PLAINTEXT
	send.buffer.bytes = 131072
	session.timeout.ms = 30000
	ssl.cipher.suites = null
	ssl.enabled.protocols = [TLSv1.2, TLSv1.1, TLSv1]
	ssl.endpoint.identification.algorithm = null
	ssl.key.password = null
	ssl.keymanager.algorithm = SunX509
	ssl.keystore.location = null
	ssl.keystore.password = null
	ssl.keystore.type = JKS
	ssl.protocol = TLS
	ssl.provider = null
	ssl.secure.random.implementation = null
	ssl.trustmanager.algorithm = PKIX
	ssl.truststore.location = null
	ssl.truststore.password = null
	ssl.truststore.type = JKS
	value.deserializer = class org.apache.kafka.common.serialization.StringDeserializer

2018-09-12 13:04:09 [INFO]-[org.apache.kafka.common.utils.AppInfoParser] Kafka version : 1.1.1
2018-09-12 13:04:09 [INFO]-[org.apache.kafka.common.utils.AppInfoParser] Kafka commitId : 98b6346a977495f6
2018-09-12 13:05:32 [INFO]-[org.apache.kafka.clients.consumer.ConsumerConfig] ConsumerConfig values: 
	auto.commit.interval.ms = 1000
	auto.offset.reset = latest
	bootstrap.servers = [172.31.159.11:9092, 172.31.159.12:9092, 172.31.159.13:9092]
	check.crcs = true
	client.id = 
	connections.max.idle.ms = 540000
	enable.auto.commit = true
	exclude.internal.topics = true
	fetch.max.bytes = 52428800
	fetch.max.wait.ms = 500
	fetch.min.bytes = 1
	group.id = test
	heartbeat.interval.ms = 3000
	interceptor.classes = []
	internal.leave.group.on.close = true
	isolation.level = read_uncommitted
	key.deserializer = class org.apache.kafka.common.serialization.StringDeserializer
	max.partition.fetch.bytes = 1048576
	max.poll.interval.ms = 300000
	max.poll.records = 500
	metadata.max.age.ms = 300000
	metric.reporters = []
	metrics.num.samples = 2
	metrics.recording.level = INFO
	metrics.sample.window.ms = 30000
	partition.assignment.strategy = [class org.apache.kafka.clients.consumer.RangeAssignor]
	receive.buffer.bytes = 65536
	reconnect.backoff.max.ms = 1000
	reconnect.backoff.ms = 50
	request.timeout.ms = 305000
	retry.backoff.ms = 100
	sasl.jaas.config = null
	sasl.kerberos.kinit.cmd = /usr/bin/kinit
	sasl.kerberos.min.time.before.relogin = 60000
	sasl.kerberos.service.name = null
	sasl.kerberos.ticket.renew.jitter = 0.05
	sasl.kerberos.ticket.renew.window.factor = 0.8
	sasl.mechanism = GSSAPI
	security.protocol = PLAINTEXT
	send.buffer.bytes = 131072
	session.timeout.ms = 30000
	ssl.cipher.suites = null
	ssl.enabled.protocols = [TLSv1.2, TLSv1.1, TLSv1]
	ssl.endpoint.identification.algorithm = null
	ssl.key.password = null
	ssl.keymanager.algorithm = SunX509
	ssl.keystore.location = null
	ssl.keystore.password = null
	ssl.keystore.type = JKS
	ssl.protocol = TLS
	ssl.provider = null
	ssl.secure.random.implementation = null
	ssl.trustmanager.algorithm = PKIX
	ssl.truststore.location = null
	ssl.truststore.password = null
	ssl.truststore.type = JKS
	value.deserializer = class org.apache.kafka.common.serialization.StringDeserializer

2018-09-12 13:05:32 [INFO]-[org.apache.kafka.common.utils.AppInfoParser] Kafka version : 1.1.1
2018-09-12 13:05:32 [INFO]-[org.apache.kafka.common.utils.AppInfoParser] Kafka commitId : 98b6346a977495f6
2018-09-12 13:05:42 [INFO]-[org.apache.kafka.clients.consumer.ConsumerConfig] ConsumerConfig values: 
	auto.commit.interval.ms = 1000
	auto.offset.reset = latest
	bootstrap.servers = [172.31.159.11:9092, 172.31.159.12:9092, 172.31.159.13:9092]
	check.crcs = true
	client.id = 
	connections.max.idle.ms = 540000
	enable.auto.commit = true
	exclude.internal.topics = true
	fetch.max.bytes = 52428800
	fetch.max.wait.ms = 500
	fetch.min.bytes = 1
	group.id = test
	heartbeat.interval.ms = 3000
	interceptor.classes = []
	internal.leave.group.on.close = true
	isolation.level = read_uncommitted
	key.deserializer = class org.apache.kafka.common.serialization.StringDeserializer
	max.partition.fetch.bytes = 1048576
	max.poll.interval.ms = 300000
	max.poll.records = 500
	metadata.max.age.ms = 300000
	metric.reporters = []
	metrics.num.samples = 2
	metrics.recording.level = INFO
	metrics.sample.window.ms = 30000
	partition.assignment.strategy = [class org.apache.kafka.clients.consumer.RangeAssignor]
	receive.buffer.bytes = 65536
	reconnect.backoff.max.ms = 1000
	reconnect.backoff.ms = 50
	request.timeout.ms = 305000
	retry.backoff.ms = 100
	sasl.jaas.config = null
	sasl.kerberos.kinit.cmd = /usr/bin/kinit
	sasl.kerberos.min.time.before.relogin = 60000
	sasl.kerberos.service.name = null
	sasl.kerberos.ticket.renew.jitter = 0.05
	sasl.kerberos.ticket.renew.window.factor = 0.8
	sasl.mechanism = GSSAPI
	security.protocol = PLAINTEXT
	send.buffer.bytes = 131072
	session.timeout.ms = 30000
	ssl.cipher.suites = null
	ssl.enabled.protocols = [TLSv1.2, TLSv1.1, TLSv1]
	ssl.endpoint.identification.algorithm = null
	ssl.key.password = null
	ssl.keymanager.algorithm = SunX509
	ssl.keystore.location = null
	ssl.keystore.password = null
	ssl.keystore.type = JKS
	ssl.protocol = TLS
	ssl.provider = null
	ssl.secure.random.implementation = null
	ssl.trustmanager.algorithm = PKIX
	ssl.truststore.location = null
	ssl.truststore.password = null
	ssl.truststore.type = JKS
	value.deserializer = class org.apache.kafka.common.serialization.StringDeserializer

2018-09-12 13:05:42 [INFO]-[org.apache.kafka.common.utils.AppInfoParser] Kafka version : 1.1.1
2018-09-12 13:05:42 [INFO]-[org.apache.kafka.common.utils.AppInfoParser] Kafka commitId : 98b6346a977495f6
2018-09-12 13:05:42 [INFO]-[org.apache.kafka.clients.Metadata] Cluster ID: mU_pTTxRSo-1CQ03m-_iNg
2018-09-12 13:05:42 [INFO]-[org.apache.kafka.clients.consumer.internals.AbstractCoordinator] [Consumer clientId=consumer-1, groupId=test] Discovered group coordinator rgibns2:9092 (id: 2147483606 rack: null)
2018-09-12 13:05:43 [INFO]-[org.apache.kafka.clients.consumer.internals.ConsumerCoordinator] [Consumer clientId=consumer-1, groupId=test] Revoking previously assigned partitions []
2018-09-12 13:05:43 [INFO]-[org.apache.kafka.clients.consumer.internals.AbstractCoordinator] [Consumer clientId=consumer-1, groupId=test] (Re-)joining group
2018-09-12 13:05:43 [INFO]-[org.apache.kafka.clients.consumer.internals.AbstractCoordinator] [Consumer clientId=consumer-1, groupId=test] Successfully joined group with generation 9
2018-09-12 13:05:43 [INFO]-[org.apache.kafka.clients.consumer.internals.ConsumerCoordinator] [Consumer clientId=consumer-1, groupId=test] Setting newly assigned partitions [dev-sysinfo-7, dev_usage-2, dev-sysinfo-11, dev_syslog-0, dev_usage-6, dev-terminal-5, dev-sysinfo-15, dev-terminal-1, dev-terminal-13, dev-terminal-9, dev_usage-10, dev-sysinfo-2, dev_usage-14, dev-sysinfo-8, dev_usage-1, dev-sysinfo-12, dev_syslog-1, dev_usage-5, dev-terminal-2, dev-terminal-10, dev-terminal-6, dev_usage-9, dev-sysinfo-3, dev_usage-13, dev-terminal-14, dev_usage-4, dev-sysinfo-5, dev_usage-8, dev-sysinfo-9, dev_syslog-2, dev-terminal-3, dev-sysinfo-13, dev_usage-0, dev-terminal-11, dev-terminal-7, dev-sysinfo-0, dev_usage-12, dev-sysinfo-4, dev-terminal-15, dev_usage-3, dev-sysinfo-6, dev_usage-7, dev-sysinfo-10, dev-terminal-4, dev-sysinfo-14, dev-terminal-0, dev-terminal-12, dev-terminal-8, dev_usage-11, dev_usage-15, dev-sysinfo-1]
2018-09-12 13:05:43 [INFO]-[org.apache.kafka.clients.consumer.internals.Fetcher] [Consumer clientId=consumer-1, groupId=test] Resetting offset for partition dev_usage-4 to offset 0.
2018-09-12 13:05:43 [INFO]-[org.apache.kafka.clients.consumer.internals.Fetcher] [Consumer clientId=consumer-1, groupId=test] Resetting offset for partition dev-sysinfo-7 to offset 536715.
2018-09-12 13:05:43 [INFO]-[org.apache.kafka.clients.consumer.internals.Fetcher] [Consumer clientId=consumer-1, groupId=test] Resetting offset for partition dev_usage-1 to offset 0.
2018-09-12 13:05:43 [INFO]-[org.apache.kafka.clients.consumer.internals.Fetcher] [Consumer clientId=consumer-1, groupId=test] Resetting offset for partition dev_usage-7 to offset 0.
2018-09-12 13:05:43 [INFO]-[org.apache.kafka.clients.consumer.internals.Fetcher] [Consumer clientId=consumer-1, groupId=test] Resetting offset for partition dev-sysinfo-10 to offset 0.
2018-09-12 13:05:43 [INFO]-[org.apache.kafka.clients.consumer.internals.Fetcher] [Consumer clientId=consumer-1, groupId=test] Resetting offset for partition dev-terminal-4 to offset 3.
2018-09-12 13:05:43 [INFO]-[org.apache.kafka.clients.consumer.internals.Fetcher] [Consumer clientId=consumer-1, groupId=test] Resetting offset for partition dev-sysinfo-13 to offset 0.
2018-09-12 13:05:43 [INFO]-[org.apache.kafka.clients.consumer.internals.Fetcher] [Consumer clientId=consumer-1, groupId=test] Resetting offset for partition dev-terminal-1 to offset 4.
2018-09-12 13:05:43 [INFO]-[org.apache.kafka.clients.consumer.internals.Fetcher] [Consumer clientId=consumer-1, groupId=test] Resetting offset for partition dev-terminal-13 to offset 4.
2018-09-12 13:05:43 [INFO]-[org.apache.kafka.clients.consumer.internals.Fetcher] [Consumer clientId=consumer-1, groupId=test] Resetting offset for partition dev-terminal-10 to offset 4.
2018-09-12 13:05:43 [INFO]-[org.apache.kafka.clients.consumer.internals.Fetcher] [Consumer clientId=consumer-1, groupId=test] Resetting offset for partition dev-terminal-7 to offset 412644.
2018-09-12 13:05:43 [INFO]-[org.apache.kafka.clients.consumer.internals.Fetcher] [Consumer clientId=consumer-1, groupId=test] Resetting offset for partition dev_usage-10 to offset 0.
2018-09-12 13:05:43 [INFO]-[org.apache.kafka.clients.consumer.internals.Fetcher] [Consumer clientId=consumer-1, groupId=test] Resetting offset for partition dev-sysinfo-4 to offset 0.
2018-09-12 13:05:43 [INFO]-[org.apache.kafka.clients.consumer.internals.Fetcher] [Consumer clientId=consumer-1, groupId=test] Resetting offset for partition dev-sysinfo-1 to offset 0.
2018-09-12 13:05:43 [INFO]-[org.apache.kafka.clients.consumer.internals.Fetcher] [Consumer clientId=consumer-1, groupId=test] Resetting offset for partition dev_usage-13 to offset 0.
2018-09-12 13:05:43 [INFO]-[org.apache.kafka.clients.consumer.internals.Fetcher] [Consumer clientId=consumer-1, groupId=test] Resetting offset for partition dev-sysinfo-8 to offset 0.
2018-09-12 13:05:43 [INFO]-[org.apache.kafka.clients.consumer.internals.Fetcher] [Consumer clientId=consumer-1, groupId=test] Resetting offset for partition dev_usage-2 to offset 0.
2018-09-12 13:05:43 [INFO]-[org.apache.kafka.clients.consumer.internals.Fetcher] [Consumer clientId=consumer-1, groupId=test] Resetting offset for partition dev-sysinfo-5 to offset 1.
2018-09-12 13:05:43 [INFO]-[org.apache.kafka.clients.consumer.internals.Fetcher] [Consumer clientId=consumer-1, groupId=test] Resetting offset for partition dev_usage-8 to offset 0.
2018-09-12 13:05:43 [INFO]-[org.apache.kafka.clients.consumer.internals.Fetcher] [Consumer clientId=consumer-1, groupId=test] Resetting offset for partition dev-sysinfo-11 to offset 0.
2018-09-12 13:05:43 [INFO]-[org.apache.kafka.clients.consumer.internals.Fetcher] [Consumer clientId=consumer-1, groupId=test] Resetting offset for partition dev_usage-5 to offset 0.
2018-09-12 13:05:43 [INFO]-[org.apache.kafka.clients.consumer.internals.Fetcher] [Consumer clientId=consumer-1, groupId=test] Resetting offset for partition dev-terminal-5 to offset 3.
2018-09-12 13:05:43 [INFO]-[org.apache.kafka.clients.consumer.internals.Fetcher] [Consumer clientId=consumer-1, groupId=test] Resetting offset for partition dev-sysinfo-14 to offset 0.
2018-09-12 13:05:43 [INFO]-[org.apache.kafka.clients.consumer.internals.Fetcher] [Consumer clientId=consumer-1, groupId=test] Resetting offset for partition dev-terminal-2 to offset 3.
2018-09-12 13:05:43 [INFO]-[org.apache.kafka.clients.consumer.internals.Fetcher] [Consumer clientId=consumer-1, groupId=test] Resetting offset for partition dev-terminal-11 to offset 4.
2018-09-12 13:05:43 [INFO]-[org.apache.kafka.clients.consumer.internals.Fetcher] [Consumer clientId=consumer-1, groupId=test] Resetting offset for partition dev-terminal-8 to offset 4.
2018-09-12 13:05:43 [INFO]-[org.apache.kafka.clients.consumer.internals.Fetcher] [Consumer clientId=consumer-1, groupId=test] Resetting offset for partition dev_usage-11 to offset 0.
2018-09-12 13:05:43 [INFO]-[org.apache.kafka.clients.consumer.internals.Fetcher] [Consumer clientId=consumer-1, groupId=test] Resetting offset for partition dev-sysinfo-2 to offset 0.
2018-09-12 13:05:43 [INFO]-[org.apache.kafka.clients.consumer.internals.Fetcher] [Consumer clientId=consumer-1, groupId=test] Resetting offset for partition dev_usage-14 to offset 0.
2018-09-12 13:05:43 [INFO]-[org.apache.kafka.clients.consumer.internals.Fetcher] [Consumer clientId=consumer-1, groupId=test] Resetting offset for partition dev-terminal-14 to offset 3.
2018-09-12 13:05:43 [INFO]-[org.apache.kafka.clients.consumer.internals.Fetcher] [Consumer clientId=consumer-1, groupId=test] Resetting offset for partition dev_usage-3 to offset 0.
2018-09-12 13:05:43 [INFO]-[org.apache.kafka.clients.consumer.internals.Fetcher] [Consumer clientId=consumer-1, groupId=test] Resetting offset for partition dev-sysinfo-6 to offset 0.
2018-09-12 13:05:43 [INFO]-[org.apache.kafka.clients.consumer.internals.Fetcher] [Consumer clientId=consumer-1, groupId=test] Resetting offset for partition dev-sysinfo-12 to offset 0.
2018-09-12 13:05:43 [INFO]-[org.apache.kafka.clients.consumer.internals.Fetcher] [Consumer clientId=consumer-1, groupId=test] Resetting offset for partition dev_usage-6 to offset 0.
2018-09-12 13:05:43 [INFO]-[org.apache.kafka.clients.consumer.internals.Fetcher] [Consumer clientId=consumer-1, groupId=test] Resetting offset for partition dev-sysinfo-9 to offset 0.
2018-09-12 13:05:43 [INFO]-[org.apache.kafka.clients.consumer.internals.Fetcher] [Consumer clientId=consumer-1, groupId=test] Resetting offset for partition dev-sysinfo-15 to offset 0.
2018-09-12 13:05:43 [INFO]-[org.apache.kafka.clients.consumer.internals.Fetcher] [Consumer clientId=consumer-1, groupId=test] Resetting offset for partition dev-terminal-3 to offset 4.
2018-09-12 13:05:43 [INFO]-[org.apache.kafka.clients.consumer.internals.Fetcher] [Consumer clientId=consumer-1, groupId=test] Resetting offset for partition dev_usage-0 to offset 0.
2018-09-12 13:05:43 [INFO]-[org.apache.kafka.clients.consumer.internals.Fetcher] [Consumer clientId=consumer-1, groupId=test] Resetting offset for partition dev-terminal-0 to offset 4.
2018-09-12 13:05:43 [INFO]-[org.apache.kafka.clients.consumer.internals.Fetcher] [Consumer clientId=consumer-1, groupId=test] Resetting offset for partition dev-terminal-12 to offset 4.
2018-09-12 13:05:43 [INFO]-[org.apache.kafka.clients.consumer.internals.Fetcher] [Consumer clientId=consumer-1, groupId=test] Resetting offset for partition dev-terminal-9 to offset 4.
2018-09-12 13:05:43 [INFO]-[org.apache.kafka.clients.consumer.internals.Fetcher] [Consumer clientId=consumer-1, groupId=test] Resetting offset for partition dev-terminal-6 to offset 4.
2018-09-12 13:05:43 [INFO]-[org.apache.kafka.clients.consumer.internals.Fetcher] [Consumer clientId=consumer-1, groupId=test] Resetting offset for partition dev-sysinfo-0 to offset 0.
2018-09-12 13:05:43 [INFO]-[org.apache.kafka.clients.consumer.internals.Fetcher] [Consumer clientId=consumer-1, groupId=test] Resetting offset for partition dev_usage-12 to offset 0.
2018-09-12 13:05:43 [INFO]-[org.apache.kafka.clients.consumer.internals.Fetcher] [Consumer clientId=consumer-1, groupId=test] Resetting offset for partition dev_usage-9 to offset 0.
2018-09-12 13:05:43 [INFO]-[org.apache.kafka.clients.consumer.internals.Fetcher] [Consumer clientId=consumer-1, groupId=test] Resetting offset for partition dev-sysinfo-3 to offset 0.
2018-09-12 13:05:43 [INFO]-[org.apache.kafka.clients.consumer.internals.Fetcher] [Consumer clientId=consumer-1, groupId=test] Resetting offset for partition dev_usage-15 to offset 0.
2018-09-12 13:05:43 [INFO]-[org.apache.kafka.clients.consumer.internals.Fetcher] [Consumer clientId=consumer-1, groupId=test] Resetting offset for partition dev-terminal-15 to offset 4.
2018-09-12 13:05:43 [INFO]-[consumer.SimpleKafkaConsumer] records.count = 1
2018-09-12 13:05:43 [INFO]-[consumer.SimpleKafkaConsumer] topic = dev_syslog, offset = 267, key = null, value = {"host":"127.0.0.1","timestamp":"2018-09-12T13:03:29.654Z","message":"<134>Sep 12 13:03:29 haproxy[3549]: 172.31.159.11:34216 [12/Sep/2018:13:03:29.639] repohttp repohttp/repo2 0/0/14 5447 -- 36/1/0/1/0 0/0\n","type":"syslog"}

2018-09-12 13:05:43 [INFO]-[consumer.SimpleKafkaConsumer] records.count = 2
2018-09-12 13:05:43 [INFO]-[consumer.SimpleKafkaConsumer] topic = dev_syslog, offset = 266, key = null, value = {"host":"127.0.0.1","timestamp":"2018-09-12T13:03:29.639Z","message":"<134>Sep 12 13:03:29 haproxy[3549]: 172.31.159.11:34216 [12/Sep/2018:13:03:29.635] repohttp repohttp/repo1 0/0/3 74044 -- 36/1/0/0/0 0/0\n","type":"syslog"}

2018-09-12 13:05:43 [INFO]-[consumer.SimpleKafkaConsumer] topic = dev_syslog, offset = 267, key = null, value = {"host":"127.0.0.1","timestamp":"2018-09-12T13:03:29.721Z","message":"<134>Sep 12 13:03:29 haproxy[3549]: 172.31.159.11:34216 [12/Sep/2018:13:03:29.654] repohttp repohttp/repo1 0/0/66 5528 -- 36/1/0/1/0 0/0\n","type":"syslog"}

